Arguments: 
  /usr/local/Cellar/node/9.9.0/bin/node /usr/local/Cellar/yarn/1.5.1_1/libexec/bin/yarn.js test

PATH: 
  /usr/local/bin:/usr/bin:/bin:/usr/sbin:/sbin:/usr/local/go/bin

Yarn version: 
  1.5.1

Node version: 
  9.9.0

Platform: 
  darwin x64

npm manifest: 
  {
    "name": "botact",
    "version": "2.3.5",
    "description": "Botact enables developers to focus on writing reusable application logic instead of spending time building infrastructure.",
    "main": "index.js",
    "scripts": {
      "test": "mocha --exit --timeout 10000",
      "example": "nodemon examples/simple.js",
      "lint": "eslint .",
      "ci-publish": "ci-publish",
      "fix": "eslint . --fix"
    },
    "repository": {
      "type": "git",
      "url": "git+https://github.com/bifot/botact.git"
    },
    "keywords": [
      "vk",
      "vk-api",
      "bot",
      "vkontakte",
      "api"
    ],
    "engines": {
      "node": ">=8.3.0"
    },
    "author": "Mikhail Semin",
    "license": "MIT",
    "bugs": {
      "url": "https://github.com/bifot/botact/issues"
    },
    "homepage": "https://github.com/bifot/botact#readme",
    "typings": "./index.d.ts",
    "dependencies": {
      "axios": "^0.18.0",
      "bluebird": "^3.5.1",
      "botact": "^2.3.4",
      "form-data": "^2.3.2",
      "redis": "^2.8.0"
    },
    "devDependencies": {
      "chai": "^4.1.2",
      "eslint": "^3.19.0",
      "eslint-config-standard": "^10.2.1",
      "eslint-plugin-mocha": "^4.11.0",
      "mocha": "^4.0.1"
    }
  }

yarn manifest: 
  No manifest

Lockfile: 
  No lockfile

Trace: 
  Error: Command failed.
  Exit code: 1
  Command: sh
  Arguments: -c mocha --exit --timeout 10000
  Directory: /Users/Mac/botact
  Output:
  
      at ProcessTermError.MessageError (/usr/local/Cellar/yarn/1.5.1_1/libexec/lib/cli.js:186:110)
      at new ProcessTermError (/usr/local/Cellar/yarn/1.5.1_1/libexec/lib/cli.js:226:113)
      at ChildProcess.<anonymous> (/usr/local/Cellar/yarn/1.5.1_1/libexec/lib/cli.js:30281:17)
      at ChildProcess.emit (events.js:180:13)
      at maybeClose (internal/child_process.js:936:16)
      at Process.ChildProcess._handle.onexit (internal/child_process.js:220:5)
